# Logfile created on 2015-10-24 20:44:02 -0700 by logger.rb/41954
I, [2015-10-24T20:44:02.479474 #8765]  INFO -- : 0:  RedCloth (4.2.9) from /Users/yondonfu/.rvm/gems/ruby-2.0.0-p353@railstutorial_rails_4_0/specifications/RedCloth-4.2.9.gemspec
I, [2015-10-24T20:44:02.480208 #8765]  INFO -- : 0:  i18n (0.7.0) from /Users/yondonfu/.rvm/gems/ruby-2.0.0-p353@railstutorial_rails_4_0/specifications/i18n-0.7.0.gemspec
I, [2015-10-24T20:44:04.693811 #8765]  INFO -- : 0:  json (1.8.3) from /Users/yondonfu/.rvm/gems/ruby-2.0.0-p353@railstutorial_rails_4_0/specifications/json-1.8.3.gemspec
I, [2015-10-24T20:44:07.103646 #8765]  INFO -- : 0:  minitest (5.8.1) from /Users/yondonfu/.rvm/gems/ruby-2.0.0-p353@railstutorial_rails_4_0/specifications/minitest-5.8.1.gemspec
I, [2015-10-24T20:44:07.104124 #8765]  INFO -- : 0:  thread_safe (0.3.5) from /Users/yondonfu/.rvm/gems/ruby-2.0.0-p353@railstutorial_rails_4_0/specifications/thread_safe-0.3.5.gemspec
I, [2015-10-24T20:44:07.770738 #8765]  INFO -- : 0:  tzinfo (1.2.2) from /Users/yondonfu/.rvm/gems/ruby-2.0.0-p353@railstutorial_rails_4_0/specifications/tzinfo-1.2.2.gemspec
I, [2015-10-24T20:44:08.987272 #8765]  INFO -- : 0:  activesupport (4.2.4) from /Users/yondonfu/.rvm/gems/ruby-2.0.0-p353@railstutorial_rails_4_0/specifications/activesupport-4.2.4.gemspec
I, [2015-10-24T20:44:09.495889 #8765]  INFO -- : 0:  addressable (2.3.8) from /Users/yondonfu/.rvm/gems/ruby-2.0.0-p353@railstutorial_rails_4_0/specifications/addressable-2.3.8.gemspec
I, [2015-10-24T20:44:09.496354 #8765]  INFO -- : 0:  blankslate (2.1.2.4) from /Users/yondonfu/.rvm/gems/ruby-2.0.0-p353@railstutorial_rails_4_0/specifications/blankslate-2.1.2.4.gemspec
I, [2015-10-24T20:44:09.496704 #8765]  INFO -- : 0:  fast-stemmer (1.0.2) from /Users/yondonfu/.rvm/gems/ruby-2.0.0-p353@railstutorial_rails_4_0/specifications/fast-stemmer-1.0.2.gemspec
I, [2015-10-24T20:44:09.497221 #8765]  INFO -- : 0:  classifier-reborn (2.0.3) from /Users/yondonfu/.rvm/gems/ruby-2.0.0-p353@railstutorial_rails_4_0/specifications/classifier-reborn-2.0.3.gemspec
I, [2015-10-24T20:44:09.969579 #8765]  INFO -- : 0:  coffee-script-source (1.9.1.1) from /Users/yondonfu/.rvm/gems/ruby-2.0.0-p353@railstutorial_rails_4_0/specifications/coffee-script-source-1.9.1.1.gemspec
I, [2015-10-24T20:44:10.437694 #8765]  INFO -- : 0:  execjs (2.6.0) from /Users/yondonfu/.rvm/gems/ruby-2.0.0-p353@railstutorial_rails_4_0/specifications/execjs-2.6.0.gemspec
I, [2015-10-24T20:44:10.438278 #8765]  INFO -- : 0:  coffee-script (2.4.1) from /Users/yondonfu/.rvm/gems/ruby-2.0.0-p353@railstutorial_rails_4_0/specifications/coffee-script-2.4.1.gemspec
I, [2015-10-24T20:44:10.438609 #8765]  INFO -- : 0:  colorator (0.1) from /Users/yondonfu/.rvm/gems/ruby-2.0.0-p353@railstutorial_rails_4_0/specifications/colorator-0.1.gemspec
I, [2015-10-24T20:44:17.801846 #8765]  INFO -- : 0:  ffi (1.9.10) from /Users/yondonfu/.rvm/gems/ruby-2.0.0-p353@railstutorial_rails_4_0/specifications/ffi-1.9.10.gemspec
I, [2015-10-24T20:44:18.551168 #8765]  INFO -- : 0:  ethon (0.8.0) from /Users/yondonfu/.rvm/gems/ruby-2.0.0-p353@railstutorial_rails_4_0/specifications/ethon-0.8.0.gemspec
I, [2015-10-24T20:44:24.230599 #8765]  INFO -- : 0:  gemoji (2.1.0) from /Users/yondonfu/.rvm/gems/ruby-2.0.0-p353@railstutorial_rails_4_0/specifications/gemoji-2.1.0.gemspec
I, [2015-10-24T20:44:24.767051 #8765]  INFO -- : 0:  net-dns (0.8.0) from /Users/yondonfu/.rvm/gems/ruby-2.0.0-p353@railstutorial_rails_4_0/specifications/net-dns-0.8.0.gemspec
I, [2015-10-24T20:44:25.360002 #8765]  INFO -- : 0:  public_suffix (1.5.1) from /Users/yondonfu/.rvm/gems/ruby-2.0.0-p353@railstutorial_rails_4_0/specifications/public_suffix-1.5.1.gemspec
I, [2015-10-24T20:44:26.030865 #8765]  INFO -- : 0:  typhoeus (0.8.0) from /Users/yondonfu/.rvm/gems/ruby-2.0.0-p353@railstutorial_rails_4_0/specifications/typhoeus-0.8.0.gemspec
I, [2015-10-24T20:44:26.735569 #8765]  INFO -- : 0:  github-pages-health-check (0.5.3) from /Users/yondonfu/.rvm/gems/ruby-2.0.0-p353@railstutorial_rails_4_0/specifications/github-pages-health-check-0.5.3.gemspec
I, [2015-10-24T20:44:26.736007 #8765]  INFO -- : 0:  jekyll-coffeescript (1.0.1) from /Users/yondonfu/.rvm/gems/ruby-2.0.0-p353@railstutorial_rails_4_0/specifications/jekyll-coffeescript-1.0.1.gemspec
I, [2015-10-24T20:44:26.736402 #8765]  INFO -- : 0:  jekyll-gist (1.3.5) from /Users/yondonfu/.rvm/gems/ruby-2.0.0-p353@railstutorial_rails_4_0/specifications/jekyll-gist-1.3.5.gemspec
I, [2015-10-24T20:44:26.736768 #8765]  INFO -- : 0:  jekyll-paginate (1.1.0) from /Users/yondonfu/.rvm/gems/ruby-2.0.0-p353@railstutorial_rails_4_0/specifications/jekyll-paginate-1.1.0.gemspec
I, [2015-10-24T20:44:27.939725 #8765]  INFO -- : 0:  sass (3.4.19) from /Users/yondonfu/.rvm/gems/ruby-2.0.0-p353@railstutorial_rails_4_0/specifications/sass-3.4.19.gemspec
I, [2015-10-24T20:44:27.940219 #8765]  INFO -- : 0:  jekyll-sass-converter (1.3.0) from /Users/yondonfu/.rvm/gems/ruby-2.0.0-p353@railstutorial_rails_4_0/specifications/jekyll-sass-converter-1.3.0.gemspec
I, [2015-10-24T20:44:27.940537 #8765]  INFO -- : 0:  rb-fsevent (0.9.6) from /Users/yondonfu/.rvm/gems/ruby-2.0.0-p353@railstutorial_rails_4_0/specifications/rb-fsevent-0.9.6.gemspec
I, [2015-10-24T20:44:27.940880 #8765]  INFO -- : 0:  rb-inotify (0.9.5) from /Users/yondonfu/.rvm/gems/ruby-2.0.0-p353@railstutorial_rails_4_0/specifications/rb-inotify-0.9.5.gemspec
I, [2015-10-24T20:44:27.941186 #8765]  INFO -- : 0:  listen (3.0.3) from /Users/yondonfu/.rvm/gems/ruby-2.0.0-p353@railstutorial_rails_4_0/specifications/listen-3.0.3.gemspec
I, [2015-10-24T20:44:27.941522 #8765]  INFO -- : 0:  jekyll-watch (1.3.0) from /Users/yondonfu/.rvm/gems/ruby-2.0.0-p353@railstutorial_rails_4_0/specifications/jekyll-watch-1.3.0.gemspec
I, [2015-10-24T20:44:29.575252 #8765]  INFO -- : 0:  kramdown (1.5.0) from /Users/yondonfu/.rvm/gems/ruby-2.0.0-p353@railstutorial_rails_4_0/specifications/kramdown-1.5.0.gemspec
I, [2015-10-24T20:44:30.187892 #8765]  INFO -- : 0:  liquid (2.6.2) from /Users/yondonfu/.rvm/gems/ruby-2.0.0-p353@railstutorial_rails_4_0/specifications/liquid-2.6.2.gemspec
I, [2015-10-24T20:44:30.188578 #8765]  INFO -- : 0:  mercenary (0.3.5) from /Users/yondonfu/.rvm/gems/ruby-2.0.0-p353@railstutorial_rails_4_0/specifications/mercenary-0.3.5.gemspec
I, [2015-10-24T20:44:30.189185 #8765]  INFO -- : 0:  posix-spawn (0.3.11) from /Users/yondonfu/.rvm/gems/ruby-2.0.0-p353@railstutorial_rails_4_0/specifications/posix-spawn-0.3.11.gemspec
I, [2015-10-24T20:44:30.189818 #8765]  INFO -- : 0:  yajl-ruby (1.2.1) from /Users/yondonfu/.rvm/gems/ruby-2.0.0-p353@railstutorial_rails_4_0/specifications/yajl-ruby-1.2.1.gemspec
I, [2015-10-24T20:44:30.190348 #8765]  INFO -- : 0:  pygments.rb (0.6.3) from /Users/yondonfu/.rvm/gems/ruby-2.0.0-p353@railstutorial_rails_4_0/specifications/pygments.rb-0.6.3.gemspec
I, [2015-10-24T20:44:33.642874 #8765]  INFO -- : 0:  redcarpet (3.3.2) from /Users/yondonfu/.rvm/gems/ruby-2.0.0-p353@railstutorial_rails_4_0/specifications/redcarpet-3.3.2.gemspec
I, [2015-10-24T20:44:33.643793 #8765]  INFO -- : 0:  safe_yaml (1.0.4) from /Users/yondonfu/.rvm/gems/ruby-2.0.0-p353@railstutorial_rails_4_0/specifications/safe_yaml-1.0.4.gemspec
I, [2015-10-24T20:44:33.644483 #8765]  INFO -- : 0:  parslet (1.5.0) from /Users/yondonfu/.rvm/gems/ruby-2.0.0-p353@railstutorial_rails_4_0/specifications/parslet-1.5.0.gemspec
I, [2015-10-24T20:44:33.645052 #8765]  INFO -- : 0:  toml (0.1.2) from /Users/yondonfu/.rvm/gems/ruby-2.0.0-p353@railstutorial_rails_4_0/specifications/toml-0.1.2.gemspec
I, [2015-10-24T20:44:34.825668 #8765]  INFO -- : 0:  jekyll (2.4.0) from /Users/yondonfu/.rvm/gems/ruby-2.0.0-p353@railstutorial_rails_4_0/specifications/jekyll-2.4.0.gemspec
I, [2015-10-24T20:44:36.279637 #8765]  INFO -- : 0:  jekyll-feed (0.3.1) from /Users/yondonfu/.rvm/gems/ruby-2.0.0-p353@railstutorial_rails_4_0/specifications/jekyll-feed-0.3.1.gemspec
I, [2015-10-24T20:44:36.689394 #8765]  INFO -- : 0:  mini_portile (0.6.2) from /Users/yondonfu/.rvm/gems/ruby-2.0.0-p353@railstutorial_rails_4_0/specifications/mini_portile-0.6.2.gemspec
I, [2015-10-24T20:46:46.391612 #8765]  INFO -- : 0:  nokogiri (1.6.6.2) from /Users/yondonfu/.rvm/gems/ruby-2.0.0-p353@railstutorial_rails_4_0/specifications/nokogiri-1.6.6.2.gemspec
I, [2015-10-24T20:46:47.051563 #8765]  INFO -- : 0:  html-pipeline (1.9.0) from /Users/yondonfu/.rvm/gems/ruby-2.0.0-p353@railstutorial_rails_4_0/specifications/html-pipeline-1.9.0.gemspec
I, [2015-10-24T20:46:47.837910 #8765]  INFO -- : 0:  jekyll-mentions (0.2.1) from /Users/yondonfu/.rvm/gems/ruby-2.0.0-p353@railstutorial_rails_4_0/specifications/jekyll-mentions-0.2.1.gemspec
I, [2015-10-24T20:46:49.281937 #8765]  INFO -- : 0:  jekyll-redirect-from (0.8.0) from /Users/yondonfu/.rvm/gems/ruby-2.0.0-p353@railstutorial_rails_4_0/specifications/jekyll-redirect-from-0.8.0.gemspec
I, [2015-10-24T20:46:49.923277 #8765]  INFO -- : 0:  jekyll-sitemap (0.8.1) from /Users/yondonfu/.rvm/gems/ruby-2.0.0-p353@railstutorial_rails_4_0/specifications/jekyll-sitemap-0.8.1.gemspec
I, [2015-10-24T20:46:50.401368 #8765]  INFO -- : 0:  jemoji (0.5.0) from /Users/yondonfu/.rvm/gems/ruby-2.0.0-p353@railstutorial_rails_4_0/specifications/jemoji-0.5.0.gemspec
I, [2015-10-24T20:46:52.520434 #8765]  INFO -- : 0:  maruku (0.7.0) from /Users/yondonfu/.rvm/gems/ruby-2.0.0-p353@railstutorial_rails_4_0/specifications/maruku-0.7.0.gemspec
I, [2015-10-24T20:46:56.426554 #8765]  INFO -- : 0:  rdiscount (2.1.7) from /Users/yondonfu/.rvm/gems/ruby-2.0.0-p353@railstutorial_rails_4_0/specifications/rdiscount-2.1.7.gemspec
I, [2015-10-24T20:46:57.714816 #8765]  INFO -- : 0:  terminal-table (1.5.2) from /Users/yondonfu/.rvm/gems/ruby-2.0.0-p353@railstutorial_rails_4_0/specifications/terminal-table-1.5.2.gemspec
I, [2015-10-24T20:46:58.333621 #8765]  INFO -- : 0:  github-pages (39) from /Users/yondonfu/.rvm/gems/ruby-2.0.0-p353@railstutorial_rails_4_0/specifications/github-pages-39.gemspec
I, [2015-10-24T20:46:58.334192 #8765]  INFO -- : 0:  bundler (1.5.1) from /Users/yondonfu/.rvm/gems/ruby-2.0.0-p353@global/specifications/bundler-1.5.1.gemspec
